This is pdfTeX, Version 3.14159265-2.6-1.40.15 (TeX Live 2014) (preloaded format=pdflatex 2014.9.7)  22 OCT 2014 19:53
entering extended mode
 restricted \write18 enabled.
 file:line:error style messages enabled.
 %&-line parsing enabled.
**caratula.tex
(./caratula.tex
LaTeX2e <2014/05/01>
Babel <3.9k> and hyphenation patterns for 78 languages loaded.
./caratula.tex:4: Undefined control sequence.
l.4 \materia
            {Algoritmos y Estructuras de Datos II} % obligatorio
? 
./caratula.tex:4: Emergency stop.
l.4 \materia
            {Algoritmos y Estructuras de Datos II} % obligatorio
End of file on the terminal!

 
Here is how much of TeX's memory you used:
 5 strings out of 493117
 131 string characters out of 6135434
 52909 words of memory out of 5000000
 3568 multiletter control sequences out of 15000+600000
 3640 words of font info for 14 fonts, out of 8000000 for 9000
 1141 hyphenation exceptions out of 8191
 5i,0n,1p,75b,8s stack positions out of 5000i,500n,10000p,200000b,80000s
./caratula.tex:4:  ==> Fatal error occurred, no output PDF file produced!
